#
# There is insufficient memory for the Java Runtime Environment to continue.
# Native memory allocation (mmap) failed to map 134217728 bytes for G1 virtual space
# Possible reasons:
#   The system is out of physical RAM or swap space
#   The process is running with CompressedOops enabled, and the Java Heap may be blocking the growth of the native heap
# Possible solutions:
#   Reduce memory load on the system
#   Increase physical memory or swap space
#   Check if swap backing store is full
#   Decrease Java heap size (-Xmx/-Xms)
#   Decrease number of Java threads
#   Decrease Java thread stack sizes (-Xss)
#   Set larger code cache with -XX:ReservedCodeCacheSize=
#   JVM is running with Unscaled Compressed Oops mode in which the Java heap is
#     placed in the first 4GB address space. The Java Heap base address is the
#     maximum limit for the native heap growth. Please use -XX:HeapBaseMinAddress
#     to set the Java Heap base and to place the Java Heap above 4GB virtual address.
# This output file may be truncated or incomplete.
#
#  Out of Memory Error (os_windows.cpp:3532), pid=23740, tid=18048
#
# JRE version:  (17.0.2+8) (build )
# Java VM: Java HotSpot(TM) 64-Bit Server VM (17.0.2+8-LTS-86, mixed mode, sharing, tiered, compressed oops, compressed class ptrs, g1 gc, windows-amd64)
# No core dump will be written. Minidumps are not enabled by default on client versions of Windows
#

---------------  S U M M A R Y ------------

Command Line: -Dfile.encoding=MS949 -XX:+ShowCodeDetailsInExceptionMessages Main

Host: Intel(R) Core(TM) i5-8250U CPU @ 1.60GHz, 8 cores, 7G,  Windows 10 , 64 bit Build 19041 (10.0.19041.1889)
Time: Tue Oct 18 01:42:12 2022  Windows 10 , 64 bit Build 19041 (10.0.19041.1889) elapsed time: 0.026651 seconds (0d 0h 0m 0s)

---------------  T H R E A D  ---------------

Current thread (0x000002b4cd13be80):  JavaThread "Unknown thread" [_thread_in_vm, id=18048, stack(0x000000f640000000,0x000000f640100000)]

Stack: [0x000000f640000000,0x000000f640100000]
Native frames: (J=compiled Java code, j=interpreted, Vv=VM code, C=native code)
V  [jvm.dll+0x670baa]
V  [jvm.dll+0x7cfcb4]
V  [jvm.dll+0x7d145e]
V  [jvm.dll+0x7d1ac3]
V  [jvm.dll+0x242bc5]
V  [jvm.dll+0x66dac9]
V  [jvm.dll+0x662412]
V  [jvm.dll+0x300c0b]
V  [jvm.dll+0x3081a6]
V  [jvm.dll+0x357d0e]
V  [jvm.dll+0x357f3f]
V  [jvm.dll+0x2d7ec8]
V  [jvm.dll+0x2d8e34]
V  [jvm.dll+0x7a18c1]
V  [jvm.dll+0x365a91]
V  [jvm.dll+0x780d2c]
V  [jvm.dll+0x3e845f]
V  [jvm.dll+0x3e9f01]
C  [jli.dll+0x527b]
C  [ucrtbase.dll+0x21bb2]
C  [KERNEL32.DLL+0x17034]
C  [ntdll.dll+0x526a1]


---------------  P R O C E S S  ---------------

Threads class SMR info:
_java_thread_list=0x00007fff7ab59858, length=0, elements={
}

Java Threads: ( => current thread )

Other Threads:
  0x000002b4cd17b7e0 GCTaskThread "GC Thread#0" [stack: 0x000000f640100000,0x000000f640200000] [id=26156]
  0x000002b4cd18cc00 ConcurrentGCThread "G1 Main Marker" [stack: 0x000000f640200000,0x000000f640300000] [id=4764]
  0x000002b4cd18d610 ConcurrentGCThread "G1 Conc#0" [stack: 0x000000f640300000,0x000000f640400000] [id=26496]

[error occurred during error reporting (printing all threads), id 0xc0000005, EXCEPTION_ACCESS_VIOLATION (0xc0000005) at pc=0x00007fff7a3a88a7]

VM state: not at safepoint (not fully initialized)

VM Mutex/Monitor currently owned by a thread:  ([mutex/lock_event])
[0x000002b4cd136850] Heap_lock - owner thread: 0x000002b4cd13be80

Heap address: 0x0000000081600000, size: 2026 MB, Compressed Oops mode: 32-bit

CDS archive(s) mapped at: [0x0000000000000000-0x0000000000000000-0x0000000000000000), size 0, SharedBaseAddress: 0x0000000800000000, ArchiveRelocationMode: 0.
Narrow klass base: 0x0000000000000000, Narrow klass shift: 0, Narrow klass range: 0x0

GC Precious Log:
<Empty>

Heap:
 garbage-first heap   total 0K, used 0K [0x0000000081600000, 0x0000000100000000)
  region size 1024K, 0 young (0K), 0 survivors (0K)

[error occurred during error reporting (printing heap information), id 0xc0000005, EXCEPTION_ACCESS_VIOLATION (0xc0000005) at pc=0x00007fff7a789f19]

GC Heap History (0 events):
No events

Deoptimization events (0 events):
No events

Classes unloaded (0 events):
No events

Classes redefined (0 events):
No events

Internal exceptions (0 events):
No events

VM Operations (0 events):
No events

Events (1 events):
Event: 0.019 Loaded shared library C:\Program Files\Java\jdk-17.0.2\bin\java.dll


Dynamic libraries:
0x00007ff7bff10000 - 0x00007ff7bff20000 	C:\Program Files\Java\jdk-17.0.2\bin\javaw.exe
0x00007ff803430000 - 0x00007ff803628000 	C:\WINDOWS\SYSTEM32\ntdll.dll
0x00007ff8031e0000 - 0x00007ff80329d000 	C:\WINDOWS\System32\KERNEL32.DLL
0x00007ff800d80000 - 0x00007ff801052000 	C:\WINDOWS\System32\KERNELBASE.dll
0x00007ff801390000 - 0x00007ff801490000 	C:\WINDOWS\System32\ucrtbase.dll
0x00007fffdbf40000 - 0x00007fffdbf5a000 	C:\Program Files\Java\jdk-17.0.2\bin\VCRUNTIME140.dll
0x00007fffdb0f0000 - 0x00007fffdb108000 	C:\Program Files\Java\jdk-17.0.2\bin\jli.dll
0x00007ff802540000 - 0x00007ff8025ee000 	C:\WINDOWS\System32\ADVAPI32.dll
0x00007ff801490000 - 0x00007ff80152e000 	C:\WINDOWS\System32\msvcrt.dll
0x00007ff801cb0000 - 0x00007ff801d4c000 	C:\WINDOWS\System32\sechost.dll
0x00007ff803050000 - 0x00007ff803175000 	C:\WINDOWS\System32\RPCRT4.dll
0x00007ff801940000 - 0x00007ff801add000 	C:\WINDOWS\System32\USER32.dll
0x00007ff801100000 - 0x00007ff801122000 	C:\WINDOWS\System32\win32u.dll
0x00007ff802e80000 - 0x00007ff802eab000 	C:\WINDOWS\System32\GDI32.dll
0x00007ff801280000 - 0x00007ff80138f000 	C:\WINDOWS\System32\gdi32full.dll
0x00007fffee420000 - 0x00007fffee6ba000 	C:\WINDOWS\WinSxS\amd64_microsoft.windows.common-controls_6595b64144ccf1df_6.0.19041.1110_none_60b5254171f9507e\COMCTL32.dll
0x00007ff801060000 - 0x00007ff8010fd000 	C:\WINDOWS\System32\msvcp_win.dll
0x00007ffff3160000 - 0x00007ffff316a000 	C:\WINDOWS\SYSTEM32\VERSION.dll
0x00007ff802040000 - 0x00007ff802070000 	C:\WINDOWS\System32\IMM32.DLL
0x00007fffdc3c0000 - 0x00007fffdc3cc000 	C:\Program Files\Java\jdk-17.0.2\bin\vcruntime140_1.dll
0x00007fffc74c0000 - 0x00007fffc754d000 	C:\Program Files\Java\jdk-17.0.2\bin\msvcp140.dll
0x00007fff7a0c0000 - 0x00007fff7ac81000 	C:\Program Files\Java\jdk-17.0.2\bin\server\jvm.dll
0x00007ff802f10000 - 0x00007ff802f18000 	C:\WINDOWS\System32\PSAPI.DLL
0x00007fffebad0000 - 0x00007fffebad9000 	C:\WINDOWS\SYSTEM32\WSOCK32.dll
0x00007fffef350000 - 0x00007fffef377000 	C:\WINDOWS\SYSTEM32\WINMM.dll
0x00007ff802d40000 - 0x00007ff802dab000 	C:\WINDOWS\System32\WS2_32.dll
0x00007fffff340000 - 0x00007fffff352000 	C:\WINDOWS\SYSTEM32\kernel.appcore.dll
0x00007ffff8080000 - 0x00007ffff808a000 	C:\Program Files\Java\jdk-17.0.2\bin\jimage.dll
0x00007ffffefd0000 - 0x00007fffff1b4000 	C:\WINDOWS\SYSTEM32\DBGHELP.DLL
0x00007ffff4020000 - 0x00007ffff404c000 	C:\WINDOWS\SYSTEM32\dbgcore.DLL
0x00007ff8011f0000 - 0x00007ff801272000 	C:\WINDOWS\System32\bcryptPrimitives.dll
0x00007fffef1c0000 - 0x00007fffef1e5000 	C:\Program Files\Java\jdk-17.0.2\bin\java.dll

dbghelp: loaded successfully - version: 4.0.5 - missing functions: none
symbol engine: initialized successfully - sym options: 0x614 - pdb path: .;C:\Program Files\Java\jdk-17.0.2\bin;C:\WINDOWS\SYSTEM32;C:\WINDOWS\WinSxS\amd64_microsoft.windows.common-controls_6595b64144ccf1df_6.0.19041.1110_none_60b5254171f9507e;C:\Program Files\Java\jdk-17.0.2\bin\server

VM Arguments:
jvm_args: -Dfile.encoding=MS949 -XX:+ShowCodeDetailsInExceptionMessages 
java_command: Main
java_class_path (initial): C:\Users\chris\eclipse-workspace\Mission9\bin
Launcher Type: SUN_STANDARD

[Global flags]
     intx CICompilerCount                          = 4                                         {product} {ergonomic}
     uint ConcGCThreads                            = 2                                         {product} {ergonomic}
     uint G1ConcRefinementThreads                  = 8                                         {product} {ergonomic}
   size_t G1HeapRegionSize                         = 1048576                                   {product} {ergonomic}
    uintx GCDrainStackTargetSize                   = 64                                        {product} {ergonomic}
   size_t InitialHeapSize                          = 134217728                                 {product} {ergonomic}
   size_t MarkStackSize                            = 4194304                                   {product} {ergonomic}
   size_t MaxHeapSize                              = 2124414976                                {product} {ergonomic}
   size_t MinHeapDeltaBytes                        = 1048576                                   {product} {ergonomic}
   size_t MinHeapSize                              = 8388608                                   {product} {ergonomic}
    uintx NonNMethodCodeHeapSize                   = 5839372                                {pd product} {ergonomic}
    uintx NonProfiledCodeHeapSize                  = 122909434                              {pd product} {ergonomic}
    uintx ProfiledCodeHeapSize                     = 122909434                              {pd product} {ergonomic}
    uintx ReservedCodeCacheSize                    = 251658240                              {pd product} {ergonomic}
     bool SegmentedCodeCache                       = true                                      {product} {ergonomic}
     bool ShowCodeDetailsInExceptionMessages       = true                                   {manageable} {command line}
   size_t SoftMaxHeapSize                          = 2124414976                             {manageable} {ergonomic}
     bool UseCompressedClassPointers               = true                           {product lp64_product} {ergonomic}
     bool UseCompressedOops                        = true                           {product lp64_product} {ergonomic}
     bool UseG1GC                                  = true                                      {product} {ergonomic}
     bool UseLargePagesIndividualAllocation        = false                                  {pd product} {ergonomic}

Logging:
Log output configuration:
 #0: stdout all=warning uptime,level,tags
 #1: stderr all=off uptime,level,tags

Environment Variables:
JAVA_HOME=C:\Program Files\Java\jdk-17
PATH=C:/Program Files/Java/jdk-17.0.2/bin/server;C:/Program Files/Java/jdk-17.0.2/bin;C:\Program Files\Java\jdk-17\bin;C:\Program Files\Common Files\Oracle\Java\javapath;C:\Program Files (x86)\Common Files\Intel\Shared Libraries\redist\intel64\compiler;C:\Program Files (x86)\Intel\iCLS Client\;C:\Program Files\Intel\iCLS Client\;C:\WINDOWS\system32;C:\WINDOWS;C:\WINDOWS\System32\Wbem;C:\WINDOWS\System32\WindowsPowerShell\v1.0\;C:\Program Files (x86)\Intel\Intel(R) Management Engine Components\DAL;C:\Program Files\Intel\Intel(R) Management Engine Components\DAL;C:\Program Files (x86)\Intel\Intel(R) Management Engine Components\IPT;C:\Program Files\Intel\Intel(R) Management Engine Components\IPT;C:\Program Files\Intel\WiFi\bin\;C:\Program Files\Common Files\Intel\WirelessCommon\;C:\WINDOWS\System32\OpenSSH\;C:\Program Files\dotnet\;C:\Program Files\Docker\Docker\resources\bin;C:\ProgramData\DockerDesktop\version-bin;C:\Program Files\Git\cmd;C:\Users\chris\AppData\Roaming\nvm;C:\Program Files\nodejs;C:\Users\chris\AppData\Local\Microsoft\WindowsApps;C:\Users\chris\.dotnet\tools;C:\Users\chris\AppData\Local\Programs\Microsoft VS Code\bin;C:\Users\chris\AppData\Roaming\npm;C:\Users\chris\AppData\Roaming\nvm;C:\Program Files\nodejs;C:\WINDOWS\System32;
USERNAME=chris
OS=Windows_NT
PROCESSOR_IDENTIFIER=Intel64 Family 6 Model 142 Stepping 10, GenuineIntel



---------------  S Y S T E M  ---------------

OS:
 Windows 10 , 64 bit Build 19041 (10.0.19041.1889)
OS uptime: 3 days 23:26 hours
Hyper-V role detected

CPU: total 8 (initial active 8) (4 cores per cpu, 2 threads per core) family 6 model 142 stepping 10 microcode 0xb4, cx8, cmov, fxsr, ht, mmx, 3dnowpref, sse, sse2, sse3, ssse3, sse4.1, sse4.2, popcnt, lzcnt, tsc, tscinvbit, avx, avx2, aes, erms, clmul, bmi1, bmi2, adx, fma, vzeroupper, clflush, clflushopt, hv

Memory: 4k page, system-wide physical 8103M (1928M free)
TotalPageFile size 32673M (AvailPageFile size 50M)
current process WorkingSet (physical memory assigned to process): 10M, peak: 10M
current process commit charge ("private bytes"): 60M, peak: 188M

vm_info: Java HotSpot(TM) 64-Bit Server VM (17.0.2+8-LTS-86) for windows-amd64 JRE (17.0.2+8-LTS-86), built on Dec  7 2021 21:51:03 by "mach5one" with MS VC++ 16.8 / 16.9 (VS2019)

END.
